<?xml version="1.0" encoding="UTF-8"?>
<!-- Generated by org.testng.reporters.JUnitReportReporter -->
<testsuite skipped="0" hostname="Shuvendu-PC" name="com.cucumberFramework.testRunner.TestRunner" tests="1" failures="0" timestamp="08 Mar 2020 12:51:11 GMT" time="26.013" errors="0">
  <testcase name="feature" time="26.013" classname="com.cucumberFramework.testRunner.TestRunner"/>
</testsuite> <!-- com.cucumberFramework.testRunner.TestRunner -->
